C:\WORK\GPXDATAANALYZER\DATAANALYZERCONSOLE\DEBUG\.NETFRAMEWORK,VERSION=V4.0.ASSEMBLYATTRIBUTES.OBJ
C:\WORK\GPXDATAANALYZER\DATAANALYZERCONSOLE\DEBUG\APP.RES
C:\WORK\GPXDATAANALYZER\DATAANALYZERCONSOLE\DEBUG\ASSEMBLYINFO.OBJ
C:\WORK\GPXDATAANALYZER\DATAANALYZERCONSOLE\DEBUG\DATAANALYZERCONSOLE.EXE.INTERMEDIATE.MANIFEST
C:\WORK\GPXDATAANALYZER\DATAANALYZERCONSOLE\DEBUG\DATAANALYZERCONSOLE.OBJ
C:\WORK\GPXDATAANALYZER\DATAANALYZERCONSOLE\DEBUG\DATAANALYZERCONSOLE.PCH
C:\WORK\GPXDATAANALYZER\DATAANALYZERCONSOLE\DEBUG\STDAFX.OBJ
C:\WORK\GPXDATAANALYZER\DATAANALYZERCONSOLE\DEBUG\VC100.PDB
C:\WORK\GPXDATAANALYZER\DEBUG\DATAANALYZERCONSOLE.EXE
C:\WORK\GPXDATAANALYZER\DEBUG\DATAANALYZERCONSOLE.ILK
C:\WORK\GPXDATAANALYZER\DEBUG\DATAANALYZERCONSOLE.PDB
D:\WORK\GPXDATAANALYZER\DATAANALYZERCONSOLE\DEBUG\.NETFRAMEWORK,VERSION=V4.0.ASSEMBLYATTRIBUTES.OBJ
D:\WORK\GPXDATAANALYZER\DATAANALYZERCONSOLE\DEBUG\APP.RES
D:\WORK\GPXDATAANALYZER\DATAANALYZERCONSOLE\DEBUG\ASSEMBLYINFO.OBJ
D:\Work\GPXDataAnalyzer\DataAnalyzerConsole\Debug\cl.command.1.tlog
D:\Work\GPXDataAnalyzer\DataAnalyzerConsole\Debug\CL.read.1.tlog
D:\Work\GPXDataAnalyzer\DataAnalyzerConsole\Debug\CL.write.1.tlog
D:\WORK\GPXDATAANALYZER\DATAANALYZERCONSOLE\DEBUG\DATAANALYZERCONSOLE.EXE.INTERMEDIATE.MANIFEST
D:\WORK\GPXDATAANALYZER\DATAANALYZERCONSOLE\DEBUG\DATAANALYZERCONSOLE.OBJ
D:\WORK\GPXDATAANALYZER\DATAANALYZERCONSOLE\DEBUG\DATAANALYZERCONSOLE.PCH
D:\Work\GPXDataAnalyzer\DataAnalyzerConsole\Debug\DataAnalyzerConsole.write.1.tlog
D:\Work\GPXDataAnalyzer\DataAnalyzerConsole\Debug\link.1404.read.1.tlog
D:\Work\GPXDataAnalyzer\DataAnalyzerConsole\Debug\link.1404.write.1.tlog
D:\Work\GPXDataAnalyzer\DataAnalyzerConsole\Debug\link.1404-cvtres.read.1.tlog
D:\Work\GPXDataAnalyzer\DataAnalyzerConsole\Debug\link.1404-cvtres.write.1.tlog
D:\Work\GPXDataAnalyzer\DataAnalyzerConsole\Debug\link.2180.read.1.tlog
D:\Work\GPXDataAnalyzer\DataAnalyzerConsole\Debug\link.2180.write.1.tlog
D:\Work\GPXDataAnalyzer\DataAnalyzerConsole\Debug\link.2180-cvtres.read.1.tlog
D:\Work\GPXDataAnalyzer\DataAnalyzerConsole\Debug\link.2180-cvtres.write.1.tlog
D:\Work\GPXDataAnalyzer\DataAnalyzerConsole\Debug\link.8072.read.1.tlog
D:\Work\GPXDataAnalyzer\DataAnalyzerConsole\Debug\link.8072.write.1.tlog
D:\Work\GPXDataAnalyzer\DataAnalyzerConsole\Debug\link.8072-cvtres.read.1.tlog
D:\Work\GPXDataAnalyzer\DataAnalyzerConsole\Debug\link.8072-cvtres.write.1.tlog
D:\Work\GPXDataAnalyzer\DataAnalyzerConsole\Debug\link.command.1.tlog
D:\Work\GPXDataAnalyzer\DataAnalyzerConsole\Debug\link.read.1.tlog
D:\Work\GPXDataAnalyzer\DataAnalyzerConsole\Debug\link.write.1.tlog
D:\Work\GPXDataAnalyzer\DataAnalyzerConsole\Debug\metagen.read.1.tlog
D:\Work\GPXDataAnalyzer\DataAnalyzerConsole\Debug\metagen.write.1.tlog
D:\Work\GPXDataAnalyzer\DataAnalyzerConsole\Debug\mt.command.1.tlog
D:\Work\GPXDataAnalyzer\DataAnalyzerConsole\Debug\mt.read.1.tlog
D:\Work\GPXDataAnalyzer\DataAnalyzerConsole\Debug\mt.write.1.tlog
D:\Work\GPXDataAnalyzer\DataAnalyzerConsole\Debug\rc.command.1.tlog
D:\Work\GPXDataAnalyzer\DataAnalyzerConsole\Debug\rc.read.1.tlog
D:\Work\GPXDataAnalyzer\DataAnalyzerConsole\Debug\rc.write.1.tlog
D:\Work\GPXDataAnalyzer\DataAnalyzerConsole\Debug\ResolveAssemblyReference.cache
D:\Work\GPXDataAnalyzer\DataAnalyzerConsole\Debug\RSAENH.DLL.bi
D:\WORK\GPXDATAANALYZER\DATAANALYZERCONSOLE\DEBUG\STDAFX.OBJ
D:\Work\GPXDataAnalyzer\DataAnalyzerConsole\Debug\TZRES.DLL.bi
D:\WORK\GPXDATAANALYZER\DATAANALYZERCONSOLE\DEBUG\VC100.PDB
D:\WORK\GPXDATAANALYZER\DEBUG\DATAANALYZERCONSOLE.EXE
D:\WORK\GPXDATAANALYZER\DEBUG\DATAANALYZERCONSOLE.ILK
D:\WORK\GPXDATAANALYZER\DEBUG\DATAANALYZERCONSOLE.PDB
