Build started 12/7/2011 9:53:16 PM.
     1>Project "C:\Work\GPXDataAnalyzer\DataAnalyzerConsole\DataAnalyzerConsole.vcxproj" on node 3 (build target(s)).
     1>InitializeBuildStatus:
         Creating "Debug\DataAnalyzerConsole.unsuccessfulbuild" because "AlwaysCreate" was specified.
       GenerateTargetFrameworkMonikerAttribute:
       Skipping target "GenerateTargetFrameworkMonikerAttribute" because all output files are up-to-date with respect to the input files.
       ClCompile:
         All outputs are up-to-date.
         All outputs are up-to-date.
         All outputs are up-to-date.
       ResourceCompile:
         All outputs are up-to-date.
       Link:
         All outputs are up-to-date.
         DataAnalyzerConsole.vcxproj -> C:\Work\GPXDataAnalyzer\Debug\DataAnalyzerConsole.exe
       FinalizeBuildStatus:
         Deleting file "Debug\DataAnalyzerConsole.unsuccessfulbuild".
         Touching "Debug\DataAnalyzerConsole.lastbuildstate".
     1>Done Building Project "C:\Work\GPXDataAnalyzer\DataAnalyzerConsole\DataAnalyzerConsole.vcxproj" (build target(s)).

Build succeeded.

Time Elapsed 00:00:00.26
