C:\WORK\GPXDATAANALYZER\DATAANALYZER\DEBUG\.NETFRAMEWORK,VERSION=V4.0.ASSEMBLYATTRIBUTES.OBJ
C:\WORK\GPXDATAANALYZER\DATAANALYZER\DEBUG\APP.RES
C:\WORK\GPXDATAANALYZER\DATAANALYZER\DEBUG\ASSEMBLYINFO.OBJ
C:\WORK\GPXDATAANALYZER\DATAANALYZER\DEBUG\DATAANALYZER.DLL.INTERMEDIATE.MANIFEST
C:\WORK\GPXDATAANALYZER\DATAANALYZER\DEBUG\DATAANALYZER.OBJ
C:\WORK\GPXDATAANALYZER\DATAANALYZER\DEBUG\DATAANALYZER.PCH
C:\WORK\GPXDATAANALYZER\DATAANALYZER\DEBUG\STDAFX.OBJ
C:\WORK\GPXDATAANALYZER\DATAANALYZER\DEBUG\VC100.PDB
C:\WORK\GPXDATAANALYZER\DEBUG\DATAANALYZER.DLL
C:\WORK\GPXDATAANALYZER\DEBUG\DATAANALYZER.ILK
C:\WORK\GPXDATAANALYZER\DEBUG\DATAANALYZER.PDB
D:\WORK\GPXDATAANALYZER\DATAANALYZER\DEBUG\.NETFRAMEWORK,VERSION=V4.0.ASSEMBLYATTRIBUTES.OBJ
D:\WORK\GPXDATAANALYZER\DATAANALYZER\DEBUG\APP.RES
D:\WORK\GPXDATAANALYZER\DATAANALYZER\DEBUG\ASSEMBLYINFO.OBJ
D:\Work\GPXDataAnalyzer\DataAnalyzer\Debug\cl.command.1.tlog
D:\Work\GPXDataAnalyzer\DataAnalyzer\Debug\CL.read.1.tlog
D:\Work\GPXDataAnalyzer\DataAnalyzer\Debug\CL.write.1.tlog
D:\WORK\GPXDATAANALYZER\DATAANALYZER\DEBUG\DATAANALYZER.DLL.INTERMEDIATE.MANIFEST
D:\WORK\GPXDATAANALYZER\DATAANALYZER\DEBUG\DATAANALYZER.OBJ
D:\WORK\GPXDATAANALYZER\DATAANALYZER\DEBUG\DATAANALYZER.PCH
D:\Work\GPXDataAnalyzer\DataAnalyzer\Debug\DataAnalyzer.write.1.tlog
D:\Work\GPXDataAnalyzer\DataAnalyzer\Debug\link.4848.read.1.tlog
D:\Work\GPXDataAnalyzer\DataAnalyzer\Debug\link.4848.write.1.tlog
D:\Work\GPXDataAnalyzer\DataAnalyzer\Debug\link.4848-cvtres.read.1.tlog
D:\Work\GPXDataAnalyzer\DataAnalyzer\Debug\link.4848-cvtres.write.1.tlog
D:\Work\GPXDataAnalyzer\DataAnalyzer\Debug\link.7692.read.1.tlog
D:\Work\GPXDataAnalyzer\DataAnalyzer\Debug\link.7692.write.1.tlog
D:\Work\GPXDataAnalyzer\DataAnalyzer\Debug\link.7692-cvtres.read.1.tlog
D:\Work\GPXDataAnalyzer\DataAnalyzer\Debug\link.7692-cvtres.write.1.tlog
D:\Work\GPXDataAnalyzer\DataAnalyzer\Debug\link.7980.read.1.tlog
D:\Work\GPXDataAnalyzer\DataAnalyzer\Debug\link.7980.write.1.tlog
D:\Work\GPXDataAnalyzer\DataAnalyzer\Debug\link.7980-cvtres.read.1.tlog
D:\Work\GPXDataAnalyzer\DataAnalyzer\Debug\link.7980-cvtres.write.1.tlog
D:\Work\GPXDataAnalyzer\DataAnalyzer\Debug\link.command.1.tlog
D:\Work\GPXDataAnalyzer\DataAnalyzer\Debug\link.read.1.tlog
D:\Work\GPXDataAnalyzer\DataAnalyzer\Debug\link.write.1.tlog
D:\Work\GPXDataAnalyzer\DataAnalyzer\Debug\metagen.read.1.tlog
D:\Work\GPXDataAnalyzer\DataAnalyzer\Debug\metagen.write.1.tlog
D:\Work\GPXDataAnalyzer\DataAnalyzer\Debug\mt.command.1.tlog
D:\Work\GPXDataAnalyzer\DataAnalyzer\Debug\mt.read.1.tlog
D:\Work\GPXDataAnalyzer\DataAnalyzer\Debug\mt.write.1.tlog
D:\Work\GPXDataAnalyzer\DataAnalyzer\Debug\rc.command.1.tlog
D:\Work\GPXDataAnalyzer\DataAnalyzer\Debug\rc.read.1.tlog
D:\Work\GPXDataAnalyzer\DataAnalyzer\Debug\rc.write.1.tlog
D:\Work\GPXDataAnalyzer\DataAnalyzer\Debug\RSAENH.DLL.bi
D:\WORK\GPXDATAANALYZER\DATAANALYZER\DEBUG\STDAFX.OBJ
D:\Work\GPXDataAnalyzer\DataAnalyzer\Debug\TZRES.DLL.bi
D:\WORK\GPXDATAANALYZER\DATAANALYZER\DEBUG\VC100.PDB
D:\WORK\GPXDATAANALYZER\DEBUG\DATAANALYZER.DLL
D:\WORK\GPXDATAANALYZER\DEBUG\DATAANALYZER.ILK
D:\WORK\GPXDATAANALYZER\DEBUG\DATAANALYZER.PDB
