Build started 12/7/2011 8:59:38 PM.
     1>Project "C:\Users\adegang1\Downloads\Ehryk-GPXDataAnalyzer\Ehryk-GPXDataAnalyzer\DataAnalyzer\DataAnalyzer.vcxproj" on node 2 (build target(s)).
     1>InitializeBuildStatus:
         Creating "Debug\DataAnalyzer.unsuccessfulbuild" because "AlwaysCreate" was specified.
       GenerateTargetFrameworkMonikerAttribute:
       Skipping target "GenerateTargetFrameworkMonikerAttribute" because all output files are up-to-date with respect to the input files.
       ClCompile:
         All outputs are up-to-date.
         All outputs are up-to-date.
         All outputs are up-to-date.
       ResourceCompile:
         All outputs are up-to-date.
       Link:
         All outputs are up-to-date.
         DataAnalyzer.vcxproj -> C:\Users\adegang1\Downloads\Ehryk-GPXDataAnalyzer\Ehryk-GPXDataAnalyzer\Debug\DataAnalyzer.dll
       FinalizeBuildStatus:
         Deleting file "Debug\DataAnalyzer.unsuccessfulbuild".
         Touching "Debug\DataAnalyzer.lastbuildstate".
     1>Done Building Project "C:\Users\adegang1\Downloads\Ehryk-GPXDataAnalyzer\Ehryk-GPXDataAnalyzer\DataAnalyzer\DataAnalyzer.vcxproj" (build target(s)).

Build succeeded.

Time Elapsed 00:00:00.95
