Build started 3/28/2012 12:54:31 PM.
     1>Project "C:\Projects\GPXDataAnalyzer\DataAnalyzer\DataAnalyzer.vcxproj" on node 2 (build target(s)).
     1>InitializeBuildStatus:
         Creating "Release\DataAnalyzer.unsuccessfulbuild" because "AlwaysCreate" was specified.
       GenerateTargetFrameworkMonikerAttribute:
       Skipping target "GenerateTargetFrameworkMonikerAttribute" because all output files are up-to-date with respect to the input files.
       ClCompile:
         All outputs are up-to-date.
         All outputs are up-to-date.
         All outputs are up-to-date.
       ResourceCompile:
         All outputs are up-to-date.
       Link:
         All outputs are up-to-date.
         DataAnalyzer.vcxproj -> C:\Projects\GPXDataAnalyzer\Release\DataAnalyzer.dll
       MetaGen:
       Skipping target "MetaGen" because all output files are up-to-date with respect to the input files.
       FinalizeBuildStatus:
         Deleting file "Release\DataAnalyzer.unsuccessfulbuild".
         Touching "Release\DataAnalyzer.lastbuildstate".
     1>Done Building Project "C:\Projects\GPXDataAnalyzer\DataAnalyzer\DataAnalyzer.vcxproj" (build target(s)).

Build succeeded.

Time Elapsed 00:00:00.17
