C:\WORK\EHRYK\RELEASE\DATAANALYZER.DLL
C:\WORK\EHRYK\RELEASE\DATAANALYZER.PDB
C:\WORK\GPXDATAANALYZER\DATAANALYZER\RELEASE\.NETFRAMEWORK,VERSION=V4.0.ASSEMBLYATTRIBUTES.OBJ
C:\WORK\GPXDATAANALYZER\DATAANALYZER\RELEASE\APP.RES
C:\WORK\GPXDATAANALYZER\DATAANALYZER\RELEASE\ASSEMBLYINFO.OBJ
C:\Work\GPXDataAnalyzer\DataAnalyzer\Release\cl.command.1.tlog
C:\Work\GPXDataAnalyzer\DataAnalyzer\Release\CL.read.1.tlog
C:\Work\GPXDataAnalyzer\DataAnalyzer\Release\CL.write.1.tlog
C:\WORK\GPXDATAANALYZER\DATAANALYZER\RELEASE\DATAANALYZER.DLL.INTERMEDIATE.MANIFEST
C:\WORK\GPXDATAANALYZER\DATAANALYZER\RELEASE\DATAANALYZER.OBJ
C:\WORK\GPXDATAANALYZER\DATAANALYZER\RELEASE\DATAANALYZER.PCH
C:\Work\GPXDataAnalyzer\DataAnalyzer\Release\DataAnalyzer.write.1.tlog
C:\Work\GPXDataAnalyzer\DataAnalyzer\Release\link.command.1.tlog
C:\Work\GPXDataAnalyzer\DataAnalyzer\Release\link.read.1.tlog
C:\Work\GPXDataAnalyzer\DataAnalyzer\Release\link.write.1.tlog
C:\Work\GPXDataAnalyzer\DataAnalyzer\Release\link-cvtres.read.1.tlog
C:\Work\GPXDataAnalyzer\DataAnalyzer\Release\link-cvtres.write.1.tlog
C:\Work\GPXDataAnalyzer\DataAnalyzer\Release\metagen.read.1.tlog
C:\Work\GPXDataAnalyzer\DataAnalyzer\Release\metagen.write.1.tlog
C:\Work\GPXDataAnalyzer\DataAnalyzer\Release\mt.command.1.tlog
C:\Work\GPXDataAnalyzer\DataAnalyzer\Release\mt.read.1.tlog
C:\Work\GPXDataAnalyzer\DataAnalyzer\Release\mt.write.1.tlog
C:\Work\GPXDataAnalyzer\DataAnalyzer\Release\rc.command.1.tlog
C:\Work\GPXDataAnalyzer\DataAnalyzer\Release\rc.read.1.tlog
C:\Work\GPXDataAnalyzer\DataAnalyzer\Release\rc.write.1.tlog
C:\Work\GPXDataAnalyzer\DataAnalyzer\Release\RSAENH.DLL.bi
C:\WORK\GPXDATAANALYZER\DATAANALYZER\RELEASE\STDAFX.OBJ
C:\Work\GPXDataAnalyzer\DataAnalyzer\Release\TZRES.DLL.bi
C:\WORK\GPXDATAANALYZER\DATAANALYZER\RELEASE\VC100.PDB
